<?xml version="1.0" encoding="UTF-8"?>
<testsuite xmlns:xsi="http://www.w3.org/2001/XMLSchema-instance" xsi:noNamespaceSchemaLocation="https://maven.apache.org/surefire/maven-surefire-plugin/xsd/surefire-test-report.xsd" name="webapp.CreatePDFTest" time="0.4" tests="1" errors="0" skipped="0" failures="0">
  <properties>
    <property name="sun.desktop" value="gnome"/>
    <property name="awt.toolkit" value="sun.awt.X11.XToolkit"/>
    <property name="java.specification.version" value="11"/>
    <property name="sun.cpu.isalist" value=""/>
    <property name="sun.jnu.encoding" value="UTF-8"/>
    <property name="java.class.path" value="/home/ruslan/IdeaProjects/kursovaya-team21/target/test-classes:/home/ruslan/IdeaProjects/kursovaya-team21/target/classes:/home/ruslan/.m2/repository/junit/junit/4.11/junit-4.11.jar:/home/ruslan/.m2/repository/org/hamcrest/hamcrest-core/1.3/hamcrest-core-1.3.jar:/home/ruslan/.m2/repository/org/xerial/sqlite-jdbc/3.34.0/sqlite-jdbc-3.34.0.jar:/home/ruslan/.m2/repository/javax/servlet/javax.servlet-api/3.1.0/javax.servlet-api-3.1.0.jar:/home/ruslan/.m2/repository/javax/el/el-api/2.2/el-api-2.2.jar:/home/ruslan/.m2/repository/com/github/jsimone/webapp-runner/9.0.27.1/webapp-runner-9.0.27.1.jar:/home/ruslan/.m2/repository/org/apache/tomcat/embed/tomcat-embed-core/9.0.27/tomcat-embed-core-9.0.27.jar:/home/ruslan/.m2/repository/org/apache/tomcat/tomcat-annotations-api/9.0.27/tomcat-annotations-api-9.0.27.jar:/home/ruslan/.m2/repository/org/apache/tomcat/embed/tomcat-embed-logging-juli/9.0.0.M6/tomcat-embed-logging-juli-9.0.0.M6.jar:/home/ruslan/.m2/repository/org/apache/tomcat/embed/tomcat-embed-jasper/9.0.27/tomcat-embed-jasper-9.0.27.jar:/home/ruslan/.m2/repository/org/apache/tomcat/embed/tomcat-embed-el/9.0.27/tomcat-embed-el-9.0.27.jar:/home/ruslan/.m2/repository/org/eclipse/jdt/ecj/3.18.0/ecj-3.18.0.jar:/home/ruslan/.m2/repository/org/apache/tomcat/tomcat-jasper/9.0.27/tomcat-jasper-9.0.27.jar:/home/ruslan/.m2/repository/org/apache/tomcat/tomcat-servlet-api/9.0.27/tomcat-servlet-api-9.0.27.jar:/home/ruslan/.m2/repository/org/apache/tomcat/tomcat-juli/9.0.27/tomcat-juli-9.0.27.jar:/home/ruslan/.m2/repository/org/apache/tomcat/tomcat-el-api/9.0.27/tomcat-el-api-9.0.27.jar:/home/ruslan/.m2/repository/org/apache/tomcat/tomcat-api/9.0.27/tomcat-api-9.0.27.jar:/home/ruslan/.m2/repository/org/apache/tomcat/tomcat-util-scan/9.0.27/tomcat-util-scan-9.0.27.jar:/home/ruslan/.m2/repository/org/apache/tomcat/tomcat-util/9.0.27/tomcat-util-9.0.27.jar:/home/ruslan/.m2/repository/org/apache/tomcat/tomcat-jasper-el/9.0.27/tomcat-jasper-el-9.0.27.jar:/home/ruslan/.m2/repository/org/apache/tomcat/tomcat-jsp-api/9.0.27/tomcat-jsp-api-9.0.27.jar:/home/ruslan/.m2/repository/org/apache/tomcat/embed/tomcat-embed-websocket/9.0.27/tomcat-embed-websocket-9.0.27.jar:/home/ruslan/.m2/repository/com/beust/jcommander/1.72/jcommander-1.72.jar:/home/ruslan/.m2/repository/commons-io/commons-io/2.6/commons-io-2.6.jar:/home/ruslan/.m2/repository/com/itextpdf/itextpdf/5.5.13/itextpdf-5.5.13.jar:"/>
    <property name="java.vm.vendor" value="Private Build"/>
    <property name="sun.arch.data.model" value="64"/>
    <property name="java.vendor.url" value="Unknown"/>
    <property name="user.timezone" value=""/>
    <property name="java.vm.specification.version" value="11"/>
    <property name="os.name" value="Linux"/>
    <property name="sun.java.launcher" value="SUN_STANDARD"/>
    <property name="user.country" value="US"/>
    <property name="sun.boot.library.path" value="/usr/lib/jvm/java-11-openjdk-amd64/lib"/>
    <property name="sun.java.command" value="/home/ruslan/IdeaProjects/kursovaya-team21/target/surefire/surefirebooter10977534443917419831.jar /home/ruslan/IdeaProjects/kursovaya-team21/target/surefire 2022-05-05T07-32-31_800-jvmRun1 surefire11929355828182499121tmp surefire_010265095442161951706tmp"/>
    <property name="jdk.debug" value="release"/>
    <property name="surefire.test.class.path" value="/home/ruslan/IdeaProjects/kursovaya-team21/target/test-classes:/home/ruslan/IdeaProjects/kursovaya-team21/target/classes:/home/ruslan/.m2/repository/junit/junit/4.11/junit-4.11.jar:/home/ruslan/.m2/repository/org/hamcrest/hamcrest-core/1.3/hamcrest-core-1.3.jar:/home/ruslan/.m2/repository/org/xerial/sqlite-jdbc/3.34.0/sqlite-jdbc-3.34.0.jar:/home/ruslan/.m2/repository/javax/servlet/javax.servlet-api/3.1.0/javax.servlet-api-3.1.0.jar:/home/ruslan/.m2/repository/javax/el/el-api/2.2/el-api-2.2.jar:/home/ruslan/.m2/repository/com/github/jsimone/webapp-runner/9.0.27.1/webapp-runner-9.0.27.1.jar:/home/ruslan/.m2/repository/org/apache/tomcat/embed/tomcat-embed-core/9.0.27/tomcat-embed-core-9.0.27.jar:/home/ruslan/.m2/repository/org/apache/tomcat/tomcat-annotations-api/9.0.27/tomcat-annotations-api-9.0.27.jar:/home/ruslan/.m2/repository/org/apache/tomcat/embed/tomcat-embed-logging-juli/9.0.0.M6/tomcat-embed-logging-juli-9.0.0.M6.jar:/home/ruslan/.m2/repository/org/apache/tomcat/embed/tomcat-embed-jasper/9.0.27/tomcat-embed-jasper-9.0.27.jar:/home/ruslan/.m2/repository/org/apache/tomcat/embed/tomcat-embed-el/9.0.27/tomcat-embed-el-9.0.27.jar:/home/ruslan/.m2/repository/org/eclipse/jdt/ecj/3.18.0/ecj-3.18.0.jar:/home/ruslan/.m2/repository/org/apache/tomcat/tomcat-jasper/9.0.27/tomcat-jasper-9.0.27.jar:/home/ruslan/.m2/repository/org/apache/tomcat/tomcat-servlet-api/9.0.27/tomcat-servlet-api-9.0.27.jar:/home/ruslan/.m2/repository/org/apache/tomcat/tomcat-juli/9.0.27/tomcat-juli-9.0.27.jar:/home/ruslan/.m2/repository/org/apache/tomcat/tomcat-el-api/9.0.27/tomcat-el-api-9.0.27.jar:/home/ruslan/.m2/repository/org/apache/tomcat/tomcat-api/9.0.27/tomcat-api-9.0.27.jar:/home/ruslan/.m2/repository/org/apache/tomcat/tomcat-util-scan/9.0.27/tomcat-util-scan-9.0.27.jar:/home/ruslan/.m2/repository/org/apache/tomcat/tomcat-util/9.0.27/tomcat-util-9.0.27.jar:/home/ruslan/.m2/repository/org/apache/tomcat/tomcat-jasper-el/9.0.27/tomcat-jasper-el-9.0.27.jar:/home/ruslan/.m2/repository/org/apache/tomcat/tomcat-jsp-api/9.0.27/tomcat-jsp-api-9.0.27.jar:/home/ruslan/.m2/repository/org/apache/tomcat/embed/tomcat-embed-websocket/9.0.27/tomcat-embed-websocket-9.0.27.jar:/home/ruslan/.m2/repository/com/beust/jcommander/1.72/jcommander-1.72.jar:/home/ruslan/.m2/repository/commons-io/commons-io/2.6/commons-io-2.6.jar:/home/ruslan/.m2/repository/com/itextpdf/itextpdf/5.5.13/itextpdf-5.5.13.jar:"/>
    <property name="sun.cpu.endian" value="little"/>
    <property name="user.home" value="/home/ruslan"/>
    <property name="user.language" value="en"/>
    <property name="java.specification.vendor" value="Oracle Corporation"/>
    <property name="java.version.date" value="2022-04-19"/>
    <property name="java.home" value="/usr/lib/jvm/java-11-openjdk-amd64"/>
    <property name="file.separator" value="/"/>
    <property name="basedir" value="/home/ruslan/IdeaProjects/kursovaya-team21"/>
    <property name="java.vm.compressedOopsMode" value="32-bit"/>
    <property name="line.separator" value="&#10;"/>
    <property name="java.specification.name" value="Java Platform API Specification"/>
    <property name="java.vm.specification.vendor" value="Oracle Corporation"/>
    <property name="java.awt.graphicsenv" value="sun.awt.X11GraphicsEnvironment"/>
    <property name="surefire.real.class.path" value="/home/ruslan/IdeaProjects/kursovaya-team21/target/surefire/surefirebooter10977534443917419831.jar"/>
    <property name="sun.management.compiler" value="HotSpot 64-Bit Tiered Compilers"/>
    <property name="java.runtime.version" value="11.0.15+10-Ubuntu-0ubuntu0.20.04.1"/>
    <property name="user.name" value="ruslan"/>
    <property name="path.separator" value=":"/>
    <property name="os.version" value="5.13.0-40-generic"/>
    <property name="java.runtime.name" value="OpenJDK Runtime Environment"/>
    <property name="file.encoding" value="UTF-8"/>
    <property name="java.vm.name" value="OpenJDK 64-Bit Server VM"/>
    <property name="localRepository" value="/home/ruslan/.m2/repository"/>
    <property name="java.vendor.url.bug" value="Unknown"/>
    <property name="java.io.tmpdir" value="/tmp"/>
    <property name="idea.version" value="2022.1"/>
    <property name="java.version" value="11.0.15"/>
    <property name="user.dir" value="/home/ruslan/IdeaProjects/kursovaya-team21"/>
    <property name="os.arch" value="amd64"/>
    <property name="java.vm.specification.name" value="Java Virtual Machine Specification"/>
    <property name="java.awt.printerjob" value="sun.print.PSPrinterJob"/>
    <property name="sun.os.patch.level" value="unknown"/>
    <property name="java.library.path" value="/usr/java/packages/lib:/usr/lib/x86_64-linux-gnu/jni:/lib/x86_64-linux-gnu:/usr/lib/x86_64-linux-gnu:/usr/lib/jni:/lib:/usr/lib"/>
    <property name="java.vm.info" value="mixed mode, sharing"/>
    <property name="java.vendor" value="Private Build"/>
    <property name="java.vm.version" value="11.0.15+10-Ubuntu-0ubuntu0.20.04.1"/>
    <property name="sun.io.unicode.encoding" value="UnicodeLittle"/>
    <property name="java.class.version" value="55.0"/>
  </properties>
  <testcase name="create" classname="webapp.CreatePDFTest" time="0.374"/>
</testsuite>